c:\users\jg\desktop\rtype\client\client_rtype.dir\debug\vc120.pdb
c:\users\jg\desktop\rtype\client\client_rtype.dir\debug\udpsocket.obj
c:\users\jg\desktop\rtype\client\client_rtype.dir\debug\tcpsocket.obj
c:\users\jg\desktop\rtype\client\client_rtype.dir\debug\networkmanager.obj
c:\users\jg\desktop\rtype\client\client_rtype.dir\debug\main.obj
c:\users\jg\desktop\rtype\client\client_rtype.dir\debug\window.obj
c:\users\jg\desktop\rtype\client\client_rtype.dir\debug\event.obj
c:\users\jg\desktop\rtype\client\client_rtype.dir\debug\recorder.obj
c:\users\jg\desktop\rtype\client\client_rtype.dir\debug\audiocallsystem.obj
c:\users\jg\desktop\rtype\client\client_rtype.dir\debug\audiobuffer.obj
c:\users\jg\desktop\rtype\client\client_rtype.dir\debug\audio.obj
c:\users\jg\desktop\rtype\client\client_rtype.dir\debug\animatedsprite.obj
c:\users\jg\desktop\rtype\client\cmakefiles\generate.stamp
c:\users\jg\desktop\rtype\client_rtype.ilk
c:\users\jg\desktop\rtype\client_rtype.exe
c:\users\jg\desktop\rtype\client_rtype.pdb
c:\users\jg\desktop\rtype\client\client_rtype.dir\debug\client_rtype.tlog\cl.command.1.tlog
c:\users\jg\desktop\rtype\client\client_rtype.dir\debug\client_rtype.tlog\cl.read.1.tlog
c:\users\jg\desktop\rtype\client\client_rtype.dir\debug\client_rtype.tlog\cl.write.1.tlog
c:\users\jg\desktop\rtype\client\client_rtype.dir\debug\client_rtype.tlog\custombuild.command.1.tlog
c:\users\jg\desktop\rtype\client\client_rtype.dir\debug\client_rtype.tlog\custombuild.read.1.tlog
c:\users\jg\desktop\rtype\client\client_rtype.dir\debug\client_rtype.tlog\custombuild.write.1.tlog
c:\users\jg\desktop\rtype\client\client_rtype.dir\debug\client_rtype.tlog\link.command.1.tlog
c:\users\jg\desktop\rtype\client\client_rtype.dir\debug\client_rtype.tlog\link.read.1.tlog
c:\users\jg\desktop\rtype\client\client_rtype.dir\debug\client_rtype.tlog\link.write.1.tlog
